<?xml version="1.0" encoding="UTF-8"?>
<!-- Generated by org.testng.reporters.JUnitXMLReporter -->
<testsuite hostname="LAPTOP-758F0TJ9" ignored="3" name="Default test" tests="1" failures="0" timestamp="19 Dec 2018 23:40:56 GMT" time="18.722" errors="0">
  <testcase name="draganddrop" time="13.837" classname="actionPackage.ActionExamples"/>
  <testcase name="hoverTest1" time="0.0" classname="actionPackage.ActionExamples">
    <ignored/>
  </testcase> <!-- hoverTest1 -->
  <testcase name="hoverTest2" time="0.0" classname="actionPackage.ActionExamples">
    <ignored/>
  </testcase> <!-- hoverTest2 -->
  <testcase name="doubleClickTest" time="0.0" classname="actionPackage.ActionExamples">
    <ignored/>
  </testcase> <!-- doubleClickTest -->
</testsuite> <!-- Default test -->
