<?xml version="1.0" encoding="UTF-8"?>
<!-- Generated by org.testng.reporters.JUnitXMLReporter -->
<testsuite hostname="LAPTOP-758F0TJ9" ignored="1" name="Default test" tests="1" failures="0" timestamp="18 Dec 2018 00:35:22 GMT" time="8.586" errors="0">
  <testcase name="submitFullApplication" time="2.604" classname="job.application.PersonalInfoTests"/>
  <testcase name="fullNameEmptyTest" time="0.0" classname="job.application.PersonalInfoTests">
    <ignored/>
  </testcase> <!-- fullNameEmptyTest -->
</testsuite> <!-- Default test -->
