<?xml version="1.0" encoding="UTF-8"?>
<testng-results skipped="0" failed="0" ignored="3" total="4" passed="1">
  <reporter-output>
  </reporter-output>
  <suite name="Default suite" duration-ms="18722" started-at="2018-12-19T23:40:38Z" finished-at="2018-12-19T23:40:56Z">
    <groups>
    </groups>
    <test name="Default test" duration-ms="18722" started-at="2018-12-19T23:40:38Z" finished-at="2018-12-19T23:40:56Z">
      <class name="actionPackage.ActionExamples">
        <test-method status="PASS" signature="setUp()[pri:0, instance:actionPackage.ActionExamples@5c3bd550]" name="setUp" is-config="true" duration-ms="4857" started-at="2018-12-19T23:40:38Z" finished-at="2018-12-19T23:40:42Z">
          <reporter-output>
          </reporter-output>
        </test-method> <!-- setUp -->
        <test-method status="PASS" signature="draganddrop()[pri:0, instance:actionPackage.ActionExamples@5c3bd550]" name="draganddrop" duration-ms="13837" started-at="2018-12-19T23:40:42Z" finished-at="2018-12-19T23:40:56Z">
          <reporter-output>
          </reporter-output>
        </test-method> <!-- draganddrop -->
      </class> <!-- actionPackage.ActionExamples -->
    </test> <!-- Default test -->
  </suite> <!-- Default suite -->
</testng-results>
