<?xml version="1.0" encoding="UTF-8"?>
<testng-results skipped="0" failed="0" ignored="0" total="2" passed="2">
  <reporter-output>
  </reporter-output>
  <suite name="Default suite" duration-ms="23972" started-at="2018-12-16T14:33:12Z" finished-at="2018-12-16T14:33:36Z">
    <groups>
    </groups>
    <test name="Default test" duration-ms="23972" started-at="2018-12-16T14:33:12Z" finished-at="2018-12-16T14:33:36Z">
      <class name="com.erkantek.ATestThatCleanUp">
        <test-method status="PASS" signature="setUp()[pri:0, instance:com.erkantek.ATestThatCleanUp@3bfdc050]" name="setUp" is-config="true" duration-ms="5327" started-at="2018-12-16T14:33:12Z" finished-at="2018-12-16T14:33:17Z">
          <reporter-output>
          </reporter-output>
        </test-method> <!-- setUp -->
        <test-method status="PASS" signature="searchAmazon()[pri:0, instance:com.erkantek.ATestThatCleanUp@3bfdc050]" name="searchAmazon" duration-ms="8594" started-at="2018-12-16T14:33:17Z" finished-at="2018-12-16T14:33:26Z">
          <reporter-output>
          </reporter-output>
        </test-method> <!-- searchAmazon -->
        <test-method status="PASS" signature="tearDown()[pri:0, instance:com.erkantek.ATestThatCleanUp@3bfdc050]" name="tearDown" is-config="true" duration-ms="2255" started-at="2018-12-16T14:33:26Z" finished-at="2018-12-16T14:33:28Z">
          <reporter-output>
          </reporter-output>
        </test-method> <!-- tearDown -->
        <test-method status="PASS" signature="setUp()[pri:0, instance:com.erkantek.ATestThatCleanUp@3bfdc050]" name="setUp" is-config="true" duration-ms="2544" started-at="2018-12-16T14:33:28Z" finished-at="2018-12-16T14:33:31Z">
          <reporter-output>
          </reporter-output>
        </test-method> <!-- setUp -->
        <test-method status="PASS" signature="searchGoogle()[pri:0, instance:com.erkantek.ATestThatCleanUp@3bfdc050]" name="searchGoogle" duration-ms="3071" started-at="2018-12-16T14:33:31Z" finished-at="2018-12-16T14:33:34Z">
          <reporter-output>
          </reporter-output>
        </test-method> <!-- searchGoogle -->
        <test-method status="PASS" signature="tearDown()[pri:0, instance:com.erkantek.ATestThatCleanUp@3bfdc050]" name="tearDown" is-config="true" duration-ms="2148" started-at="2018-12-16T14:33:34Z" finished-at="2018-12-16T14:33:36Z">
          <reporter-output>
          </reporter-output>
        </test-method> <!-- tearDown -->
      </class> <!-- com.erkantek.ATestThatCleanUp -->
    </test> <!-- Default test -->
  </suite> <!-- Default suite -->
</testng-results>
